<?xml version="1.0" encoding="UTF-8"?>
<!-- Generated by org.testng.reporters.JUnitXMLReporter -->
<testsuite ignored="2" hostname="DESKTOP-KD02LF1" failures="0" tests="1" name="Default test" time="18.334" errors="0" timestamp="2022-01-30T01:46:47 EST">
  <testcase classname="testDemoblaze.testDemoblaze" name="checkingfunctionalityofcart" time="11.349"/>
  <testcase classname="testDemoblaze.testDemoblaze" name="checkingfuctionalityoflogin" time="0.0">
    <ignored/>
  </testcase> <!-- checkingfuctionalityoflogin -->
  <testcase classname="testDemoblaze.testDemoblaze" name="checkingfuctionalityofsignup" time="0.0">
    <ignored/>
  </testcase> <!-- checkingfuctionalityofsignup -->
</testsuite> <!-- Default test -->
