<?xml version="1.0" encoding="UTF-8"?>
<testng-results ignored="2" total="3" passed="1" failed="0" skipped="0">
  <reporter-output>
  </reporter-output>
  <suite started-at="2022-01-30T01:46:28 EST" name="Default suite" finished-at="2022-01-30T01:46:47 EST" duration-ms="18334">
    <groups>
    </groups>
    <test started-at="2022-01-30T01:46:28 EST" name="Default test" finished-at="2022-01-30T01:46:47 EST" duration-ms="18334">
      <class name="testDemoblaze.testDemoblaze">
        <test-method is-config="true" signature="intialsetup()[pri:0, instance:testDemoblaze.testDemoblaze@61862a7f]" started-at="2022-01-30T01:46:28 EST" name="intialsetup" finished-at="2022-01-30T01:46:34 EST" duration-ms="5884" status="PASS">
          <reporter-output>
          </reporter-output>
        </test-method> <!-- intialsetup -->
        <test-method signature="checkingfunctionalityofcart()[pri:3, instance:testDemoblaze.testDemoblaze@61862a7f]" started-at="2022-01-30T01:46:34 EST" name="checkingfunctionalityofcart" finished-at="2022-01-30T01:46:46 EST" duration-ms="11349" status="PASS">
          <reporter-output>
          </reporter-output>
        </test-method> <!-- checkingfunctionalityofcart -->
        <test-method is-config="true" signature="close()[pri:0, instance:testDemoblaze.testDemoblaze@61862a7f]" started-at="2022-01-30T01:46:46 EST" name="close" finished-at="2022-01-30T01:46:47 EST" duration-ms="1052" status="PASS">
          <reporter-output>
          </reporter-output>
        </test-method> <!-- close -->
      </class> <!-- testDemoblaze.testDemoblaze -->
    </test> <!-- Default test -->
  </suite> <!-- Default suite -->
</testng-results>
